<?xml version="1.0" encoding="UTF-8"?>
<testsuites>
  <testsuite name="fastlane.lanes">
    
    
    
      
      <testcase classname="fastlane.lanes" name="0: default_platform" time="0.00034">
        
      </testcase>
    
      
      <testcase classname="fastlane.lanes" name="1: clean assembleRelease" time="11.269467">
        
          <failure message="/Users/tnluser/.gem/ruby/3.1.3/gems/fastlane-2.211.0/fastlane/lib/fastlane/actions/actions_helper.rb:67:in `execute_action&apos;&#10;/Users/tnluser/.gem/ruby/3.1.3/gems/fastlane-2.211.0/fastlane/lib/fastlane/runner.rb:255:in `block in execute_action&apos;&#10;/Users/tnluser/.gem/ruby/3.1.3/gems/fastlane-2.211.0/fastlane/lib/fastlane/runner.rb:229:in `chdir&apos;&#10;/Users/tnluser/.gem/ruby/3.1.3/gems/fastlane-2.211.0/fastlane/lib/fastlane/runner.rb:229:in `execute_action&apos;&#10;/Users/tnluser/.gem/ruby/3.1.3/gems/fastlane-2.211.0/fastlane/lib/fastlane/runner.rb:157:in `trigger_action_by_name&apos;&#10;/Users/tnluser/.gem/ruby/3.1.3/gems/fastlane-2.211.0/fastlane/lib/fastlane/fast_file.rb:159:in `method_missing&apos;&#10;Fastfile:22:in `block (2 levels) in parsing_binding&apos;&#10;/Users/tnluser/.gem/ruby/3.1.3/gems/fastlane-2.211.0/fastlane/lib/fastlane/lane.rb:33:in `call&apos;&#10;/Users/tnluser/.gem/ruby/3.1.3/gems/fastlane-2.211.0/fastlane/lib/fastlane/runner.rb:49:in `block in execute&apos;&#10;/Users/tnluser/.gem/ruby/3.1.3/gems/fastlane-2.211.0/fastlane/lib/fastlane/runner.rb:45:in `chdir&apos;&#10;/Users/tnluser/.gem/ruby/3.1.3/gems/fastlane-2.211.0/fastlane/lib/fastlane/runner.rb:45:in `execute&apos;&#10;/Users/tnluser/.gem/ruby/3.1.3/gems/fastlane-2.211.0/fastlane/lib/fastlane/lane_manager.rb:47:in `cruise_lane&apos;&#10;/Users/tnluser/.gem/ruby/3.1.3/gems/fastlane-2.211.0/fastlane/lib/fastlane/command_line_handler.rb:36:in `handle&apos;&#10;/Users/tnluser/.gem/ruby/3.1.3/gems/fastlane-2.211.0/fastlane/lib/fastlane/commands_generator.rb:110:in `block (2 levels) in run&apos;&#10;/Users/tnluser/.gem/ruby/3.1.3/gems/commander-4.6.0/lib/commander/command.rb:187:in `call&apos;&#10;/Users/tnluser/.gem/ruby/3.1.3/gems/commander-4.6.0/lib/commander/command.rb:157:in `run&apos;&#10;/Users/tnluser/.gem/ruby/3.1.3/gems/commander-4.6.0/lib/commander/runner.rb:444:in `run_active_command&apos;&#10;/Users/tnluser/.gem/ruby/3.1.3/gems/fastlane-2.211.0/fastlane_core/lib/fastlane_core/ui/fastlane_runner.rb:124:in `run!&apos;&#10;/Users/tnluser/.gem/ruby/3.1.3/gems/commander-4.6.0/lib/commander/delegates.rb:18:in `run!&apos;&#10;/Users/tnluser/.gem/ruby/3.1.3/gems/fastlane-2.211.0/fastlane/lib/fastlane/commands_generator.rb:354:in `run&apos;&#10;/Users/tnluser/.gem/ruby/3.1.3/gems/fastlane-2.211.0/fastlane/lib/fastlane/commands_generator.rb:43:in `start&apos;&#10;/Users/tnluser/.gem/ruby/3.1.3/gems/fastlane-2.211.0/fastlane/lib/fastlane/cli_tools_distributor.rb:123:in `take_off&apos;&#10;/Users/tnluser/.gem/ruby/3.1.3/gems/fastlane-2.211.0/bin/fastlane:23:in `&lt;top (required)&gt;&apos;&#10;/Users/tnluser/.gem/ruby/3.1.3/bin/fastlane:25:in `load&apos;&#10;/Users/tnluser/.gem/ruby/3.1.3/bin/fastlane:25:in `&lt;main&gt;&apos;&#10;&#10;Exit status of command &apos;/Users/tnluser/AndroidStudioProjects/MyAutoApp/gradlew clean assembleRelease -p .&apos; was 1 instead of 0.&#10;Starting a Gradle Daemon, 1 incompatible Daemon could not be reused, use --status for details&#10;&gt; Task :app:clean&#10;&gt; Task :app:preBuild UP-TO-DATE&#10;&gt; Task :app:preReleaseBuild UP-TO-DATE&#10;&gt; Task :app:buildKotlinToolingMetadata&#10;&gt; Task :app:compileReleaseAidl NO-SOURCE&#10;&gt; Task :app:compileReleaseRenderscript NO-SOURCE&#10;&gt; Task :app:generateReleaseBuildConfig&#10;&gt; Task :app:generateReleaseResValues&#10;&gt; Task :app:processReleaseGoogleServices&#10;&gt; Task :app:checkReleaseAarMetadata&#10;&gt; Task :app:mapReleaseSourceSetPaths&#10;&gt; Task :app:generateReleaseResources&#10;&gt; Task :app:packageReleaseResources&#10;&gt; Task :app:createReleaseCompatibleScreenManifests&#10;&gt; Task :app:extractDeepLinksRelease&#10;&gt; Task :app:parseReleaseLocalResources&#10;&gt; Task :app:processReleaseMainManifest&#10;&gt; Task :app:mergeReleaseResources FAILED&#10;&gt; Task :app:processReleaseManifest&#10;&#10;FAILURE: Build failed with an exception.&#10;&#10;* What went wrong:&#10;Execution failed for task &apos;:app:mergeReleaseResources&apos;.&#10;&gt; A failure occurred while executing com.android.build.gradle.internal.res.Aapt2CompileRunnable&#10;   &gt; Android resource compilation failed&#10;     ERROR:/Users/tnluser/AndroidStudioProjects/MyAutoApp/app/src/main/res/drawable/dark.png: AAPT: error: file failed to compile.&#10;         &#10;&#10;* Try:&#10;&gt; Run with --stacktrace option to get the stack trace.&#10;&gt; Run with --info or --debug option to get more log output.&#10;&gt; Run with --scan to get full insights.&#10;&#10;* Get more help at https://help.gradle.org&#10;&#10;BUILD FAILED in 10s&#10;14 actionable tasks: 14 executed&#10;" />
        
      </testcase>
    
  </testsuite>
</testsuites>
